Arguments: 
  /Users/inspirit941/.nvm/versions/node/v12.20.2/bin/node /usr/local/Cellar/yarn/1.22.10/libexec/bin/yarn.js add http-middleware-proxy

PATH: 
  /Users/inspirit941/.nvm/versions/node/v12.20.2/bin:/Library/Frameworks/Python.framework/Versions/2.7/bin:/anaconda3/bin:/usr/local/bin:/usr/bin:/bin:/usr/sbin:/sbin:/Library/Java/JavaVirtualMachines/jdk1.8.0_211.jdk/Contents/Home/bin:/Applications/VMware Fusion.app/Contents/Public:/usr/local/go/bin:/usr/local/share/dotnet:~/.dotnet/tools:/Library/Frameworks/Mono.framework/Versions/Current/Commands:/Applications/Wireshark.app/Contents/MacOS:/Library/Frameworks/Python.framework/Versions/2.7/bin:/anaconda3/bin:/Library/Java/JavaVirtualMachines/jdk-11.0.2.jdk/Contents/Home/bin:/Users/inspirit941/geth:/Applications/Postgres.app/Contents/Versions/12/bin:/Applications/Visual Studio Code.app/Contents/Resources/app/bin:/Library/Java/JavaVirtualMachines/jdk-11.0.2.jdk/Contents/Home/bin:/Users/inspirit941/geth:/Applications/Postgres.app/Contents/Versions/12/bin:/Applications/Visual Studio Code.app/Contents/Resources/app/bin

Yarn version: 
  1.22.10

Node version: 
  12.20.2

Platform: 
  darwin x64

Trace: 
  Error: https://registry.yarnpkg.com/http-middleware-proxy: Not found
      at Request.params.callback [as _callback] (/usr/local/Cellar/yarn/1.22.10/libexec/lib/cli.js:66988:18)
      at Request.self.callback (/usr/local/Cellar/yarn/1.22.10/libexec/lib/cli.js:140749:22)
      at Request.emit (events.js:314:20)
      at Request.<anonymous> (/usr/local/Cellar/yarn/1.22.10/libexec/lib/cli.js:141721:10)
      at Request.emit (events.js:314:20)
      at IncomingMessage.<anonymous> (/usr/local/Cellar/yarn/1.22.10/libexec/lib/cli.js:141643:12)
      at Object.onceWrapper (events.js:420:28)
      at IncomingMessage.emit (events.js:326:22)
      at endReadableNT (_stream_readable.js:1241:12)
      at processTicksAndRejections (internal/process/task_queues.js:84:21)

npm manifest: 
  {
    "name": "group-video-final",
    "version": "1.0.0",
    "main": "index.js",
    "license": "MIT",
    "dependencies": {
      "dotenv": "^8.2.0",
      "express": "^4.17.1",
      "http-proxy-middleware": "^1.0.6",
      "socket.io": "^2.4.0"
    },
    "scripts": {
      "start": "PROD=true node server.js"
    }
  }

yarn manifest: 
  No manifest

Lockfile: 
  No lockfile
